<?xml version="1.0" encoding="UTF-8"?>
<testng-results ignored="0" total="2" passed="2" failed="0" skipped="0">
  <reporter-output>
  </reporter-output>
  <suite started-at="2026-03-20T20:31:30 IST" name="Default suite" finished-at="2026-03-20T20:35:44 IST" duration-ms="254226">
    <groups>
      <group name="cucumber">
        <method signature="AbstractTestNGCucumberTests.runScenario(io.cucumber.testng.PickleWrapper,io.cucumber.testng.FeatureWrapper)[pri:0, instance:com.qa.runners.TestRunner@27b000f7]" name="runScenario" class="io.cucumber.testng.AbstractTestNGCucumberTests"/>
      </group> <!-- cucumber -->
    </groups>
    <test started-at="2026-03-20T20:31:30 IST" name="Default test" finished-at="2026-03-20T20:35:44 IST" duration-ms="254226">
      <class name="com.qa.runners.TestRunner">
        <test-method is-config="true" signature="setUpClass(org.testng.ITestContext)[pri:0, instance:com.qa.runners.TestRunner@27b000f7]" started-at="2026-03-20T20:31:30 IST" name="setUpClass" finished-at="2026-03-20T20:31:31 IST" duration-ms="917" status="PASS">
          <params>
            <param index="0">
              <value>
                <![CDATA[org.testng.TestRunner@2f4ba1ae]]>
              </value>
            </param>
          </params>
          <reporter-output>
          </reporter-output>
        </test-method> <!-- setUpClass -->
        <test-method signature="runScenario(io.cucumber.testng.PickleWrapper,io.cucumber.testng.FeatureWrapper)[pri:0, instance:com.qa.runners.TestRunner@27b000f7]" started-at="2026-03-20T20:31:31 IST" name="runScenario" description="Runs Cucumber Scenarios" data-provider="scenarios" finished-at="2026-03-20T20:35:44 IST" duration-ms="253152" status="PASS">
          <params>
            <param index="0">
              <value>
                <![CDATA["End to end purchase flow with account creation and deletion"]]>
              </value>
            </param>
            <param index="1">
              <value>
                <![CDATA["User Purchase Flow"]]>
              </value>
            </param>
          </params>
          <reporter-output>
          </reporter-output>
        </test-method> <!-- runScenario -->
        <test-method signature="runScenario(io.cucumber.testng.PickleWrapper,io.cucumber.testng.FeatureWrapper)[pri:0, instance:com.qa.runners.TestRunner@27b000f7]" started-at="2026-03-20T20:31:31 IST" name="runScenario" description="Runs Cucumber Scenarios" data-provider="scenarios" finished-at="2026-03-20T20:32:41 IST" duration-ms="69934" status="PASS">
          <params>
            <param index="0">
              <value>
                <![CDATA["Verify first product details match between API and UI"]]>
              </value>
            </param>
            <param index="1">
              <value>
                <![CDATA["Product API Validation"]]>
              </value>
            </param>
          </params>
          <reporter-output>
          </reporter-output>
        </test-method> <!-- runScenario -->
        <test-method is-config="true" signature="tearDownClass()[pri:0, instance:com.qa.runners.TestRunner@27b000f7]" started-at="2026-03-20T20:35:44 IST" name="tearDownClass" finished-at="2026-03-20T20:35:44 IST" duration-ms="10" status="PASS">
          <reporter-output>
          </reporter-output>
        </test-method> <!-- tearDownClass -->
      </class> <!-- com.qa.runners.TestRunner -->
    </test> <!-- Default test -->
  </suite> <!-- Default suite -->
</testng-results>
